<?xml version="1.0" encoding="UTF-8"?>
<testsuite xmlns:xsi="http://www.w3.org/2001/XMLSchema-instance" xsi:noNamespaceSchemaLocation="https://maven.apache.org/surefire/maven-surefire-plugin/xsd/surefire-test-report.xsd" version="3.0.2" name="com.example.BankTransactionService.BankTransactionServiceApplicationTests" time="9.338" tests="1" errors="0" skipped="0" failures="0">
  <properties>
    <property name="java.specification.version" value="17"/>
    <property name="sun.jnu.encoding" value="UTF-8"/>
    <property name="java.class.path" value="/home/sergey/Документы/Мои тестовые проекты/BankTransactionService/target/test-classes:/home/sergey/Документы/Мои тестовые проекты/BankTransactionService/target/classes:/home/sergey/.m2/repository/org/springframework/boot/spring-boot-starter-data-jpa/3.4.4/spring-boot-starter-data-jpa-3.4.4.jar:/home/sergey/.m2/repository/org/springframework/boot/spring-boot-starter/3.4.4/spring-boot-starter-3.4.4.jar:/home/sergey/.m2/repository/org/springframework/boot/spring-boot/3.4.4/spring-boot-3.4.4.jar:/home/sergey/.m2/repository/org/springframework/boot/spring-boot-autoconfigure/3.4.4/spring-boot-autoconfigure-3.4.4.jar:/home/sergey/.m2/repository/org/springframework/boot/spring-boot-starter-logging/3.4.4/spring-boot-starter-logging-3.4.4.jar:/home/sergey/.m2/repository/ch/qos/logback/logback-classic/1.5.18/logback-classic-1.5.18.jar:/home/sergey/.m2/repository/ch/qos/logback/logback-core/1.5.18/logback-core-1.5.18.jar:/home/sergey/.m2/repository/org/apache/logging/log4j/log4j-to-slf4j/2.24.3/log4j-to-slf4j-2.24.3.jar:/home/sergey/.m2/repository/org/apache/logging/log4j/log4j-api/2.24.3/log4j-api-2.24.3.jar:/home/sergey/.m2/repository/org/slf4j/jul-to-slf4j/2.0.17/jul-to-slf4j-2.0.17.jar:/home/sergey/.m2/repository/jakarta/annotation/jakarta.annotation-api/2.1.1/jakarta.annotation-api-2.1.1.jar:/home/sergey/.m2/repository/org/springframework/boot/spring-boot-starter-jdbc/3.4.4/spring-boot-starter-jdbc-3.4.4.jar:/home/sergey/.m2/repository/com/zaxxer/HikariCP/5.1.0/HikariCP-5.1.0.jar:/home/sergey/.m2/repository/org/springframework/spring-jdbc/6.2.5/spring-jdbc-6.2.5.jar:/home/sergey/.m2/repository/org/hibernate/orm/hibernate-core/6.6.11.Final/hibernate-core-6.6.11.Final.jar:/home/sergey/.m2/repository/jakarta/persistence/jakarta.persistence-api/3.1.0/jakarta.persistence-api-3.1.0.jar:/home/sergey/.m2/repository/jakarta/transaction/jakarta.transaction-api/2.0.1/jakarta.transaction-api-2.0.1.jar:/home/sergey/.m2/repository/org/jboss/logging/jboss-logging/3.6.1.Final/jboss-logging-3.6.1.Final.jar:/home/sergey/.m2/repository/org/hibernate/common/hibernate-commons-annotations/7.0.3.Final/hibernate-commons-annotations-7.0.3.Final.jar:/home/sergey/.m2/repository/io/smallrye/jandex/3.2.0/jandex-3.2.0.jar:/home/sergey/.m2/repository/com/fasterxml/classmate/1.7.0/classmate-1.7.0.jar:/home/sergey/.m2/repository/org/glassfish/jaxb/jaxb-runtime/4.0.5/jaxb-runtime-4.0.5.jar:/home/sergey/.m2/repository/org/glassfish/jaxb/jaxb-core/4.0.5/jaxb-core-4.0.5.jar:/home/sergey/.m2/repository/org/eclipse/angus/angus-activation/2.0.2/angus-activation-2.0.2.jar:/home/sergey/.m2/repository/org/glassfish/jaxb/txw2/4.0.5/txw2-4.0.5.jar:/home/sergey/.m2/repository/com/sun/istack/istack-commons-runtime/4.1.2/istack-commons-runtime-4.1.2.jar:/home/sergey/.m2/repository/jakarta/inject/jakarta.inject-api/2.0.1/jakarta.inject-api-2.0.1.jar:/home/sergey/.m2/repository/org/antlr/antlr4-runtime/4.13.0/antlr4-runtime-4.13.0.jar:/home/sergey/.m2/repository/org/springframework/data/spring-data-jpa/3.4.4/spring-data-jpa-3.4.4.jar:/home/sergey/.m2/repository/org/springframework/data/spring-data-commons/3.4.4/spring-data-commons-3.4.4.jar:/home/sergey/.m2/repository/org/springframework/spring-orm/6.2.5/spring-orm-6.2.5.jar:/home/sergey/.m2/repository/org/springframework/spring-context/6.2.5/spring-context-6.2.5.jar:/home/sergey/.m2/repository/org/springframework/spring-aop/6.2.5/spring-aop-6.2.5.jar:/home/sergey/.m2/repository/org/springframework/spring-tx/6.2.5/spring-tx-6.2.5.jar:/home/sergey/.m2/repository/org/springframework/spring-beans/6.2.5/spring-beans-6.2.5.jar:/home/sergey/.m2/repository/org/slf4j/slf4j-api/2.0.17/slf4j-api-2.0.17.jar:/home/sergey/.m2/repository/org/springframework/spring-aspects/6.2.5/spring-aspects-6.2.5.jar:/home/sergey/.m2/repository/org/aspectj/aspectjweaver/1.9.23/aspectjweaver-1.9.23.jar:/home/sergey/.m2/repository/org/springframework/boot/spring-boot-starter-web/3.4.4/spring-boot-starter-web-3.4.4.jar:/home/sergey/.m2/repository/org/springframework/boot/spring-boot-starter-json/3.4.4/spring-boot-starter-json-3.4.4.jar:/home/sergey/.m2/repository/com/fasterxml/jackson/core/jackson-databind/2.18.3/jackson-databind-2.18.3.jar:/home/sergey/.m2/repository/com/fasterxml/jackson/core/jackson-annotations/2.18.3/jackson-annotations-2.18.3.jar:/home/sergey/.m2/repository/com/fasterxml/jackson/core/jackson-core/2.18.3/jackson-core-2.18.3.jar:/home/sergey/.m2/repository/com/fasterxml/jackson/datatype/jackson-datatype-jdk8/2.18.3/jackson-datatype-jdk8-2.18.3.jar:/home/sergey/.m2/repository/com/fasterxml/jackson/datatype/jackson-datatype-jsr310/2.18.3/jackson-datatype-jsr310-2.18.3.jar:/home/sergey/.m2/repository/com/fasterxml/jackson/module/jackson-module-parameter-names/2.18.3/jackson-module-parameter-names-2.18.3.jar:/home/sergey/.m2/repository/org/springframework/boot/spring-boot-starter-tomcat/3.4.4/spring-boot-starter-tomcat-3.4.4.jar:/home/sergey/.m2/repository/org/apache/tomcat/embed/tomcat-embed-core/10.1.39/tomcat-embed-core-10.1.39.jar:/home/sergey/.m2/repository/org/apache/tomcat/embed/tomcat-embed-el/10.1.39/tomcat-embed-el-10.1.39.jar:/home/sergey/.m2/repository/org/apache/tomcat/embed/tomcat-embed-websocket/10.1.39/tomcat-embed-websocket-10.1.39.jar:/home/sergey/.m2/repository/org/springframework/spring-web/6.2.5/spring-web-6.2.5.jar:/home/sergey/.m2/repository/io/micrometer/micrometer-observation/1.14.5/micrometer-observation-1.14.5.jar:/home/sergey/.m2/repository/io/micrometer/micrometer-commons/1.14.5/micrometer-commons-1.14.5.jar:/home/sergey/.m2/repository/org/springframework/spring-webmvc/6.2.5/spring-webmvc-6.2.5.jar:/home/sergey/.m2/repository/org/springframework/spring-expression/6.2.5/spring-expression-6.2.5.jar:/home/sergey/.m2/repository/org/postgresql/postgresql/42.7.5/postgresql-42.7.5.jar:/home/sergey/.m2/repository/org/checkerframework/checker-qual/3.48.3/checker-qual-3.48.3.jar:/home/sergey/.m2/repository/org/projectlombok/lombok/1.18.36/lombok-1.18.36.jar:/home/sergey/.m2/repository/org/liquibase/liquibase-core/4.23.1/liquibase-core-4.23.1.jar:/home/sergey/.m2/repository/com/opencsv/opencsv/5.7.1/opencsv-5.7.1.jar:/home/sergey/.m2/repository/org/apache/commons/commons-lang3/3.17.0/commons-lang3-3.17.0.jar:/home/sergey/.m2/repository/org/apache/commons/commons-text/1.10.0/commons-text-1.10.0.jar:/home/sergey/.m2/repository/org/apache/commons/commons-collections4/4.4/commons-collections4-4.4.jar:/home/sergey/.m2/repository/org/yaml/snakeyaml/2.3/snakeyaml-2.3.jar:/home/sergey/.m2/repository/javax/xml/bind/jaxb-api/2.3.1/jaxb-api-2.3.1.jar:/home/sergey/.m2/repository/javax/activation/javax.activation-api/1.2.0/javax.activation-api-1.2.0.jar:/home/sergey/.m2/repository/org/springframework/boot/spring-boot-starter-test/3.4.4/spring-boot-starter-test-3.4.4.jar:/home/sergey/.m2/repository/org/springframework/boot/spring-boot-test/3.4.4/spring-boot-test-3.4.4.jar:/home/sergey/.m2/repository/org/springframework/boot/spring-boot-test-autoconfigure/3.4.4/spring-boot-test-autoconfigure-3.4.4.jar:/home/sergey/.m2/repository/com/jayway/jsonpath/json-path/2.9.0/json-path-2.9.0.jar:/home/sergey/.m2/repository/jakarta/xml/bind/jakarta.xml.bind-api/4.0.2/jakarta.xml.bind-api-4.0.2.jar:/home/sergey/.m2/repository/jakarta/activation/jakarta.activation-api/2.1.3/jakarta.activation-api-2.1.3.jar:/home/sergey/.m2/repository/net/minidev/json-smart/2.5.2/json-smart-2.5.2.jar:/home/sergey/.m2/repository/net/minidev/accessors-smart/2.5.2/accessors-smart-2.5.2.jar:/home/sergey/.m2/repository/org/ow2/asm/asm/9.7.1/asm-9.7.1.jar:/home/sergey/.m2/repository/org/assertj/assertj-core/3.26.3/assertj-core-3.26.3.jar:/home/sergey/.m2/repository/org/awaitility/awaitility/4.2.2/awaitility-4.2.2.jar:/home/sergey/.m2/repository/org/hamcrest/hamcrest/2.2/hamcrest-2.2.jar:/home/sergey/.m2/repository/org/junit/jupiter/junit-jupiter/5.11.4/junit-jupiter-5.11.4.jar:/home/sergey/.m2/repository/org/junit/jupiter/junit-jupiter-params/5.11.4/junit-jupiter-params-5.11.4.jar:/home/sergey/.m2/repository/org/junit/jupiter/junit-jupiter-engine/5.11.4/junit-jupiter-engine-5.11.4.jar:/home/sergey/.m2/repository/org/junit/platform/junit-platform-engine/1.11.4/junit-platform-engine-1.11.4.jar:/home/sergey/.m2/repository/org/skyscreamer/jsonassert/1.5.3/jsonassert-1.5.3.jar:/home/sergey/.m2/repository/com/vaadin/external/google/android-json/0.0.20131108.vaadin1/android-json-0.0.20131108.vaadin1.jar:/home/sergey/.m2/repository/org/springframework/spring-core/6.2.5/spring-core-6.2.5.jar:/home/sergey/.m2/repository/org/springframework/spring-jcl/6.2.5/spring-jcl-6.2.5.jar:/home/sergey/.m2/repository/org/springframework/spring-test/6.2.5/spring-test-6.2.5.jar:/home/sergey/.m2/repository/org/xmlunit/xmlunit-core/2.10.0/xmlunit-core-2.10.0.jar:/home/sergey/.m2/repository/org/mockito/mockito-junit-jupiter/5.15.2/mockito-junit-jupiter-5.15.2.jar:/home/sergey/.m2/repository/org/junit/jupiter/junit-jupiter-api/5.11.4/junit-jupiter-api-5.11.4.jar:/home/sergey/.m2/repository/org/opentest4j/opentest4j/1.3.0/opentest4j-1.3.0.jar:/home/sergey/.m2/repository/org/junit/platform/junit-platform-commons/1.11.4/junit-platform-commons-1.11.4.jar:/home/sergey/.m2/repository/org/apiguardian/apiguardian-api/1.1.2/apiguardian-api-1.1.2.jar:/home/sergey/.m2/repository/org/mockito/mockito-core/5.15.2/mockito-core-5.15.2.jar:/home/sergey/.m2/repository/net/bytebuddy/byte-buddy/1.15.11/byte-buddy-1.15.11.jar:/home/sergey/.m2/repository/net/bytebuddy/byte-buddy-agent/1.15.11/byte-buddy-agent-1.15.11.jar:/home/sergey/.m2/repository/org/objenesis/objenesis/3.3/objenesis-3.3.jar:/home/sergey/.m2/repository/org/testcontainers/postgresql/1.20.0/postgresql-1.20.0.jar:/home/sergey/.m2/repository/org/testcontainers/jdbc/1.20.6/jdbc-1.20.6.jar:/home/sergey/.m2/repository/org/testcontainers/database-commons/1.20.6/database-commons-1.20.6.jar:/home/sergey/.m2/repository/org/testcontainers/testcontainers/1.20.6/testcontainers-1.20.6.jar:/home/sergey/.m2/repository/junit/junit/4.13.2/junit-4.13.2.jar:/home/sergey/.m2/repository/org/hamcrest/hamcrest-core/2.2/hamcrest-core-2.2.jar:/home/sergey/.m2/repository/org/apache/commons/commons-compress/1.24.0/commons-compress-1.24.0.jar:/home/sergey/.m2/repository/org/rnorth/duct-tape/duct-tape/1.0.8/duct-tape-1.0.8.jar:/home/sergey/.m2/repository/org/jetbrains/annotations/17.0.0/annotations-17.0.0.jar:/home/sergey/.m2/repository/com/github/docker-java/docker-java-api/3.4.1/docker-java-api-3.4.1.jar:/home/sergey/.m2/repository/com/github/docker-java/docker-java-transport-zerodep/3.4.1/docker-java-transport-zerodep-3.4.1.jar:/home/sergey/.m2/repository/com/github/docker-java/docker-java-transport/3.4.1/docker-java-transport-3.4.1.jar:/home/sergey/.m2/repository/net/java/dev/jna/jna/5.13.0/jna-5.13.0.jar:"/>
    <property name="java.vm.vendor" value="Amazon.com Inc."/>
    <property name="sun.arch.data.model" value="64"/>
    <property name="java.vendor.url" value="https://aws.amazon.com/corretto/"/>
    <property name="catalina.useNaming" value="false"/>
    <property name="user.timezone" value="Europe/Moscow"/>
    <property name="org.jboss.logging.provider" value="slf4j"/>
    <property name="os.name" value="Linux"/>
    <property name="java.vm.specification.version" value="17"/>
    <property name="sun.java.launcher" value="SUN_STANDARD"/>
    <property name="user.country" value="RU"/>
    <property name="sun.boot.library.path" value="/home/sergey/.jdks/corretto-17.0.14/lib"/>
    <property name="sun.java.command" value="/home/sergey/Документы/Мои тестовые проекты/BankTransactionService/target/surefire/surefirebooter-20250410111319901_3.jar /home/sergey/Документы/Мои тестовые проекты/BankTransactionService/target/surefire 2025-04-10T11-13-19_852-jvmRun1 surefire-20250410111319901_1tmp surefire_0-20250410111319901_2tmp"/>
    <property name="jdk.debug" value="release"/>
    <property name="surefire.test.class.path" value="/home/sergey/Документы/Мои тестовые проекты/BankTransactionService/target/test-classes:/home/sergey/Документы/Мои тестовые проекты/BankTransactionService/target/classes:/home/sergey/.m2/repository/org/springframework/boot/spring-boot-starter-data-jpa/3.4.4/spring-boot-starter-data-jpa-3.4.4.jar:/home/sergey/.m2/repository/org/springframework/boot/spring-boot-starter/3.4.4/spring-boot-starter-3.4.4.jar:/home/sergey/.m2/repository/org/springframework/boot/spring-boot/3.4.4/spring-boot-3.4.4.jar:/home/sergey/.m2/repository/org/springframework/boot/spring-boot-autoconfigure/3.4.4/spring-boot-autoconfigure-3.4.4.jar:/home/sergey/.m2/repository/org/springframework/boot/spring-boot-starter-logging/3.4.4/spring-boot-starter-logging-3.4.4.jar:/home/sergey/.m2/repository/ch/qos/logback/logback-classic/1.5.18/logback-classic-1.5.18.jar:/home/sergey/.m2/repository/ch/qos/logback/logback-core/1.5.18/logback-core-1.5.18.jar:/home/sergey/.m2/repository/org/apache/logging/log4j/log4j-to-slf4j/2.24.3/log4j-to-slf4j-2.24.3.jar:/home/sergey/.m2/repository/org/apache/logging/log4j/log4j-api/2.24.3/log4j-api-2.24.3.jar:/home/sergey/.m2/repository/org/slf4j/jul-to-slf4j/2.0.17/jul-to-slf4j-2.0.17.jar:/home/sergey/.m2/repository/jakarta/annotation/jakarta.annotation-api/2.1.1/jakarta.annotation-api-2.1.1.jar:/home/sergey/.m2/repository/org/springframework/boot/spring-boot-starter-jdbc/3.4.4/spring-boot-starter-jdbc-3.4.4.jar:/home/sergey/.m2/repository/com/zaxxer/HikariCP/5.1.0/HikariCP-5.1.0.jar:/home/sergey/.m2/repository/org/springframework/spring-jdbc/6.2.5/spring-jdbc-6.2.5.jar:/home/sergey/.m2/repository/org/hibernate/orm/hibernate-core/6.6.11.Final/hibernate-core-6.6.11.Final.jar:/home/sergey/.m2/repository/jakarta/persistence/jakarta.persistence-api/3.1.0/jakarta.persistence-api-3.1.0.jar:/home/sergey/.m2/repository/jakarta/transaction/jakarta.transaction-api/2.0.1/jakarta.transaction-api-2.0.1.jar:/home/sergey/.m2/repository/org/jboss/logging/jboss-logging/3.6.1.Final/jboss-logging-3.6.1.Final.jar:/home/sergey/.m2/repository/org/hibernate/common/hibernate-commons-annotations/7.0.3.Final/hibernate-commons-annotations-7.0.3.Final.jar:/home/sergey/.m2/repository/io/smallrye/jandex/3.2.0/jandex-3.2.0.jar:/home/sergey/.m2/repository/com/fasterxml/classmate/1.7.0/classmate-1.7.0.jar:/home/sergey/.m2/repository/org/glassfish/jaxb/jaxb-runtime/4.0.5/jaxb-runtime-4.0.5.jar:/home/sergey/.m2/repository/org/glassfish/jaxb/jaxb-core/4.0.5/jaxb-core-4.0.5.jar:/home/sergey/.m2/repository/org/eclipse/angus/angus-activation/2.0.2/angus-activation-2.0.2.jar:/home/sergey/.m2/repository/org/glassfish/jaxb/txw2/4.0.5/txw2-4.0.5.jar:/home/sergey/.m2/repository/com/sun/istack/istack-commons-runtime/4.1.2/istack-commons-runtime-4.1.2.jar:/home/sergey/.m2/repository/jakarta/inject/jakarta.inject-api/2.0.1/jakarta.inject-api-2.0.1.jar:/home/sergey/.m2/repository/org/antlr/antlr4-runtime/4.13.0/antlr4-runtime-4.13.0.jar:/home/sergey/.m2/repository/org/springframework/data/spring-data-jpa/3.4.4/spring-data-jpa-3.4.4.jar:/home/sergey/.m2/repository/org/springframework/data/spring-data-commons/3.4.4/spring-data-commons-3.4.4.jar:/home/sergey/.m2/repository/org/springframework/spring-orm/6.2.5/spring-orm-6.2.5.jar:/home/sergey/.m2/repository/org/springframework/spring-context/6.2.5/spring-context-6.2.5.jar:/home/sergey/.m2/repository/org/springframework/spring-aop/6.2.5/spring-aop-6.2.5.jar:/home/sergey/.m2/repository/org/springframework/spring-tx/6.2.5/spring-tx-6.2.5.jar:/home/sergey/.m2/repository/org/springframework/spring-beans/6.2.5/spring-beans-6.2.5.jar:/home/sergey/.m2/repository/org/slf4j/slf4j-api/2.0.17/slf4j-api-2.0.17.jar:/home/sergey/.m2/repository/org/springframework/spring-aspects/6.2.5/spring-aspects-6.2.5.jar:/home/sergey/.m2/repository/org/aspectj/aspectjweaver/1.9.23/aspectjweaver-1.9.23.jar:/home/sergey/.m2/repository/org/springframework/boot/spring-boot-starter-web/3.4.4/spring-boot-starter-web-3.4.4.jar:/home/sergey/.m2/repository/org/springframework/boot/spring-boot-starter-json/3.4.4/spring-boot-starter-json-3.4.4.jar:/home/sergey/.m2/repository/com/fasterxml/jackson/core/jackson-databind/2.18.3/jackson-databind-2.18.3.jar:/home/sergey/.m2/repository/com/fasterxml/jackson/core/jackson-annotations/2.18.3/jackson-annotations-2.18.3.jar:/home/sergey/.m2/repository/com/fasterxml/jackson/core/jackson-core/2.18.3/jackson-core-2.18.3.jar:/home/sergey/.m2/repository/com/fasterxml/jackson/datatype/jackson-datatype-jdk8/2.18.3/jackson-datatype-jdk8-2.18.3.jar:/home/sergey/.m2/repository/com/fasterxml/jackson/datatype/jackson-datatype-jsr310/2.18.3/jackson-datatype-jsr310-2.18.3.jar:/home/sergey/.m2/repository/com/fasterxml/jackson/module/jackson-module-parameter-names/2.18.3/jackson-module-parameter-names-2.18.3.jar:/home/sergey/.m2/repository/org/springframework/boot/spring-boot-starter-tomcat/3.4.4/spring-boot-starter-tomcat-3.4.4.jar:/home/sergey/.m2/repository/org/apache/tomcat/embed/tomcat-embed-core/10.1.39/tomcat-embed-core-10.1.39.jar:/home/sergey/.m2/repository/org/apache/tomcat/embed/tomcat-embed-el/10.1.39/tomcat-embed-el-10.1.39.jar:/home/sergey/.m2/repository/org/apache/tomcat/embed/tomcat-embed-websocket/10.1.39/tomcat-embed-websocket-10.1.39.jar:/home/sergey/.m2/repository/org/springframework/spring-web/6.2.5/spring-web-6.2.5.jar:/home/sergey/.m2/repository/io/micrometer/micrometer-observation/1.14.5/micrometer-observation-1.14.5.jar:/home/sergey/.m2/repository/io/micrometer/micrometer-commons/1.14.5/micrometer-commons-1.14.5.jar:/home/sergey/.m2/repository/org/springframework/spring-webmvc/6.2.5/spring-webmvc-6.2.5.jar:/home/sergey/.m2/repository/org/springframework/spring-expression/6.2.5/spring-expression-6.2.5.jar:/home/sergey/.m2/repository/org/postgresql/postgresql/42.7.5/postgresql-42.7.5.jar:/home/sergey/.m2/repository/org/checkerframework/checker-qual/3.48.3/checker-qual-3.48.3.jar:/home/sergey/.m2/repository/org/projectlombok/lombok/1.18.36/lombok-1.18.36.jar:/home/sergey/.m2/repository/org/liquibase/liquibase-core/4.23.1/liquibase-core-4.23.1.jar:/home/sergey/.m2/repository/com/opencsv/opencsv/5.7.1/opencsv-5.7.1.jar:/home/sergey/.m2/repository/org/apache/commons/commons-lang3/3.17.0/commons-lang3-3.17.0.jar:/home/sergey/.m2/repository/org/apache/commons/commons-text/1.10.0/commons-text-1.10.0.jar:/home/sergey/.m2/repository/org/apache/commons/commons-collections4/4.4/commons-collections4-4.4.jar:/home/sergey/.m2/repository/org/yaml/snakeyaml/2.3/snakeyaml-2.3.jar:/home/sergey/.m2/repository/javax/xml/bind/jaxb-api/2.3.1/jaxb-api-2.3.1.jar:/home/sergey/.m2/repository/javax/activation/javax.activation-api/1.2.0/javax.activation-api-1.2.0.jar:/home/sergey/.m2/repository/org/springframework/boot/spring-boot-starter-test/3.4.4/spring-boot-starter-test-3.4.4.jar:/home/sergey/.m2/repository/org/springframework/boot/spring-boot-test/3.4.4/spring-boot-test-3.4.4.jar:/home/sergey/.m2/repository/org/springframework/boot/spring-boot-test-autoconfigure/3.4.4/spring-boot-test-autoconfigure-3.4.4.jar:/home/sergey/.m2/repository/com/jayway/jsonpath/json-path/2.9.0/json-path-2.9.0.jar:/home/sergey/.m2/repository/jakarta/xml/bind/jakarta.xml.bind-api/4.0.2/jakarta.xml.bind-api-4.0.2.jar:/home/sergey/.m2/repository/jakarta/activation/jakarta.activation-api/2.1.3/jakarta.activation-api-2.1.3.jar:/home/sergey/.m2/repository/net/minidev/json-smart/2.5.2/json-smart-2.5.2.jar:/home/sergey/.m2/repository/net/minidev/accessors-smart/2.5.2/accessors-smart-2.5.2.jar:/home/sergey/.m2/repository/org/ow2/asm/asm/9.7.1/asm-9.7.1.jar:/home/sergey/.m2/repository/org/assertj/assertj-core/3.26.3/assertj-core-3.26.3.jar:/home/sergey/.m2/repository/org/awaitility/awaitility/4.2.2/awaitility-4.2.2.jar:/home/sergey/.m2/repository/org/hamcrest/hamcrest/2.2/hamcrest-2.2.jar:/home/sergey/.m2/repository/org/junit/jupiter/junit-jupiter/5.11.4/junit-jupiter-5.11.4.jar:/home/sergey/.m2/repository/org/junit/jupiter/junit-jupiter-params/5.11.4/junit-jupiter-params-5.11.4.jar:/home/sergey/.m2/repository/org/junit/jupiter/junit-jupiter-engine/5.11.4/junit-jupiter-engine-5.11.4.jar:/home/sergey/.m2/repository/org/junit/platform/junit-platform-engine/1.11.4/junit-platform-engine-1.11.4.jar:/home/sergey/.m2/repository/org/skyscreamer/jsonassert/1.5.3/jsonassert-1.5.3.jar:/home/sergey/.m2/repository/com/vaadin/external/google/android-json/0.0.20131108.vaadin1/android-json-0.0.20131108.vaadin1.jar:/home/sergey/.m2/repository/org/springframework/spring-core/6.2.5/spring-core-6.2.5.jar:/home/sergey/.m2/repository/org/springframework/spring-jcl/6.2.5/spring-jcl-6.2.5.jar:/home/sergey/.m2/repository/org/springframework/spring-test/6.2.5/spring-test-6.2.5.jar:/home/sergey/.m2/repository/org/xmlunit/xmlunit-core/2.10.0/xmlunit-core-2.10.0.jar:/home/sergey/.m2/repository/org/mockito/mockito-junit-jupiter/5.15.2/mockito-junit-jupiter-5.15.2.jar:/home/sergey/.m2/repository/org/junit/jupiter/junit-jupiter-api/5.11.4/junit-jupiter-api-5.11.4.jar:/home/sergey/.m2/repository/org/opentest4j/opentest4j/1.3.0/opentest4j-1.3.0.jar:/home/sergey/.m2/repository/org/junit/platform/junit-platform-commons/1.11.4/junit-platform-commons-1.11.4.jar:/home/sergey/.m2/repository/org/apiguardian/apiguardian-api/1.1.2/apiguardian-api-1.1.2.jar:/home/sergey/.m2/repository/org/mockito/mockito-core/5.15.2/mockito-core-5.15.2.jar:/home/sergey/.m2/repository/net/bytebuddy/byte-buddy/1.15.11/byte-buddy-1.15.11.jar:/home/sergey/.m2/repository/net/bytebuddy/byte-buddy-agent/1.15.11/byte-buddy-agent-1.15.11.jar:/home/sergey/.m2/repository/org/objenesis/objenesis/3.3/objenesis-3.3.jar:/home/sergey/.m2/repository/org/testcontainers/postgresql/1.20.0/postgresql-1.20.0.jar:/home/sergey/.m2/repository/org/testcontainers/jdbc/1.20.6/jdbc-1.20.6.jar:/home/sergey/.m2/repository/org/testcontainers/database-commons/1.20.6/database-commons-1.20.6.jar:/home/sergey/.m2/repository/org/testcontainers/testcontainers/1.20.6/testcontainers-1.20.6.jar:/home/sergey/.m2/repository/junit/junit/4.13.2/junit-4.13.2.jar:/home/sergey/.m2/repository/org/hamcrest/hamcrest-core/2.2/hamcrest-core-2.2.jar:/home/sergey/.m2/repository/org/apache/commons/commons-compress/1.24.0/commons-compress-1.24.0.jar:/home/sergey/.m2/repository/org/rnorth/duct-tape/duct-tape/1.0.8/duct-tape-1.0.8.jar:/home/sergey/.m2/repository/org/jetbrains/annotations/17.0.0/annotations-17.0.0.jar:/home/sergey/.m2/repository/com/github/docker-java/docker-java-api/3.4.1/docker-java-api-3.4.1.jar:/home/sergey/.m2/repository/com/github/docker-java/docker-java-transport-zerodep/3.4.1/docker-java-transport-zerodep-3.4.1.jar:/home/sergey/.m2/repository/com/github/docker-java/docker-java-transport/3.4.1/docker-java-transport-3.4.1.jar:/home/sergey/.m2/repository/net/java/dev/jna/jna/5.13.0/jna-5.13.0.jar:"/>
    <property name="sun.cpu.endian" value="little"/>
    <property name="user.home" value="/home/sergey"/>
    <property name="user.language" value="ru"/>
    <property name="java.specification.vendor" value="Oracle Corporation"/>
    <property name="java.version.date" value="2025-01-21"/>
    <property name="java.home" value="/home/sergey/.jdks/corretto-17.0.14"/>
    <property name="file.separator" value="/"/>
    <property name="basedir" value="/home/sergey/Документы/Мои тестовые проекты/BankTransactionService"/>
    <property name="java.vm.compressedOopsMode" value="Zero based"/>
    <property name="line.separator" value="&#10;"/>
    <property name="java.specification.name" value="Java Platform API Specification"/>
    <property name="java.vm.specification.vendor" value="Oracle Corporation"/>
    <property name="FILE_LOG_CHARSET" value="UTF-8"/>
    <property name="java.awt.headless" value="true"/>
    <property name="surefire.real.class.path" value="/home/sergey/Документы/Мои тестовые проекты/BankTransactionService/target/surefire/surefirebooter-20250410111319901_3.jar"/>
    <property name="sun.management.compiler" value="HotSpot 64-Bit Tiered Compilers"/>
    <property name="java.runtime.version" value="17.0.14+7-LTS"/>
    <property name="user.name" value="sergey"/>
    <property name="path.separator" value=":"/>
    <property name="os.version" value="6.11.0-21-generic"/>
    <property name="java.runtime.name" value="OpenJDK Runtime Environment"/>
    <property name="file.encoding" value="UTF-8"/>
    <property name="java.vm.name" value="OpenJDK 64-Bit Server VM"/>
    <property name="java.vendor.version" value="Corretto-17.0.14.7.1"/>
    <property name="localRepository" value="/home/sergey/.m2/repository"/>
    <property name="java.vendor.url.bug" value="https://github.com/corretto/corretto-17/issues/"/>
    <property name="java.io.tmpdir" value="/tmp"/>
    <property name="idea.version" value="2024.3.4.1"/>
    <property name="catalina.home" value="/tmp/tomcat.0.1181361884789431342"/>
    <property name="com.zaxxer.hikari.pool_number" value="1"/>
    <property name="java.version" value="17.0.14"/>
    <property name="user.dir" value="/home/sergey/Документы/Мои тестовые проекты/BankTransactionService"/>
    <property name="os.arch" value="amd64"/>
    <property name="java.vm.specification.name" value="Java Virtual Machine Specification"/>
    <property name="PID" value="71632"/>
    <property name="CONSOLE_LOG_CHARSET" value="UTF-8"/>
    <property name="catalina.base" value="/tmp/tomcat.0.1181361884789431342"/>
    <property name="native.encoding" value="UTF-8"/>
    <property name="java.library.path" value="/usr/java/packages/lib:/usr/lib64:/lib64:/lib:/usr/lib"/>
    <property name="java.vm.info" value="mixed mode, sharing"/>
    <property name="java.vendor" value="Amazon.com Inc."/>
    <property name="java.vm.version" value="17.0.14+7-LTS"/>
    <property name="java.specification.maintenance.version" value="1"/>
    <property name="sun.io.unicode.encoding" value="UnicodeLittle"/>
    <property name="java.class.version" value="61.0"/>
  </properties>
  <testcase name="testConnectionWithDB" classname="com.example.BankTransactionService.BankTransactionServiceApplicationTests" time="0.015">
    <system-out><![CDATA[11:13:21.183 [main] INFO org.springframework.test.context.support.AnnotationConfigContextLoaderUtils -- Could not detect default configuration classes for test class [com.example.BankTransactionService.BankTransactionServiceApplicationTests]: BankTransactionServiceApplicationTests does not declare any static, non-private, non-final, nested classes annotated with @Configuration.
11:13:21.267 [main] INFO org.springframework.boot.test.context.SpringBootTestContextBootstrapper -- Found @SpringBootConfiguration com.example.BankTransactionService.BankTransactionServiceApplication for test class com.example.BankTransactionService.BankTransactionServiceApplicationTests
11:13:21.367 [main] INFO org.testcontainers.images.PullPolicy -- Image pull policy will be performed by: DefaultPullPolicy()
11:13:21.370 [main] INFO org.testcontainers.utility.ImageNameSubstitutor -- Image name substitution will be performed by: DefaultImageNameSubstitutor (composite of 'ConfigurationFileImageNameSubstitutor' and 'PrefixingImageNameSubstitutor')
11:13:21.376 [main] INFO org.testcontainers.DockerClientFactory -- Testcontainers version: 1.20.6
11:13:21.533 [main] INFO org.testcontainers.dockerclient.DockerClientProviderStrategy -- Loaded org.testcontainers.dockerclient.UnixSocketClientProviderStrategy from ~/.testcontainers.properties, will try it first
11:13:21.728 [main] INFO org.testcontainers.dockerclient.DockerClientProviderStrategy -- Found Docker environment with local Unix socket (unix:///var/run/docker.sock)
11:13:21.729 [main] INFO org.testcontainers.DockerClientFactory -- Docker host IP address is localhost
11:13:21.741 [main] INFO org.testcontainers.DockerClientFactory -- Connected to docker: 
  Server Version: 27.5.1
  API Version: 1.47
  Operating System: Ubuntu Core 22
  Total Memory: 15379 MB
11:13:21.761 [main] INFO tc.testcontainers/ryuk:0.11.0 -- Creating container for image: testcontainers/ryuk:0.11.0
11:13:22.381 [main] INFO tc.testcontainers/ryuk:0.11.0 -- Container testcontainers/ryuk:0.11.0 is starting: 0fbf8dee225c88a0c29fb0c353fe98134b9d752a816f46a1a54ee06585c32569
11:13:22.622 [main] INFO tc.testcontainers/ryuk:0.11.0 -- Container testcontainers/ryuk:0.11.0 started in PT0.860910937S
11:13:22.625 [main] INFO org.testcontainers.utility.RyukResourceReaper -- Ryuk started - will monitor and terminate Testcontainers containers on JVM exit
11:13:22.626 [main] INFO org.testcontainers.DockerClientFactory -- Checking the system...
11:13:22.626 [main] INFO org.testcontainers.DockerClientFactory -- ✔︎ Docker server version should be at least 1.6.0
11:13:22.626 [main] INFO tc.postgres:16-alpine -- Creating container for image: postgres:16-alpine
11:13:22.660 [main] INFO tc.postgres:16-alpine -- Container postgres:16-alpine is starting: 5708815a1b2d4f84fd34c29ad9be380b868c304a98d3322162e122eb74179c6e
11:13:24.024 [main] INFO tc.postgres:16-alpine -- Container postgres:16-alpine started in PT1.397461259S
11:13:24.024 [main] INFO tc.postgres:16-alpine -- Container is started (JDBC URL: jdbc:postgresql://localhost:32813/test?loggerLevel=OFF)

  .   ____          _            __ _ _
 /\\ / ___'_ __ _ _(_)_ __  __ _ \ \ \ \
( ( )\___ | '_ | '_| | '_ \/ _` | \ \ \ \
 \\/  ___)| |_)| | | | | || (_| |  ) ) ) )
  '  |____| .__|_| |_|_| |_\__, | / / / /
 =========|_|==============|___/=/_/_/_/

 :: Spring Boot ::                (v3.4.4)

2025-04-10T11:13:24.230+03:00  INFO 71632 --- [           main] B.BankTransactionServiceApplicationTests : Starting BankTransactionServiceApplicationTests using Java 17.0.14 with PID 71632 (started by sergey in /home/sergey/Документы/Мои тестовые проекты/BankTransactionService)
2025-04-10T11:13:24.232+03:00  INFO 71632 --- [           main] B.BankTransactionServiceApplicationTests : No active profile set, falling back to 1 default profile: "default"
2025-04-10T11:13:24.614+03:00  INFO 71632 --- [           main] .s.d.r.c.RepositoryConfigurationDelegate : Bootstrapping Spring Data JPA repositories in DEFAULT mode.
2025-04-10T11:13:24.652+03:00  INFO 71632 --- [           main] .s.d.r.c.RepositoryConfigurationDelegate : Finished Spring Data repository scanning in 31 ms. Found 1 JPA repository interface.
2025-04-10T11:13:24.948+03:00  INFO 71632 --- [           main] o.s.b.w.embedded.tomcat.TomcatWebServer  : Tomcat initialized with port 0 (http)
2025-04-10T11:13:24.959+03:00  INFO 71632 --- [           main] o.apache.catalina.core.StandardService   : Starting service [Tomcat]
2025-04-10T11:13:24.959+03:00  INFO 71632 --- [           main] o.apache.catalina.core.StandardEngine    : Starting Servlet engine: [Apache Tomcat/10.1.39]
2025-04-10T11:13:24.998+03:00  INFO 71632 --- [           main] o.a.c.c.C.[Tomcat].[localhost].[/]       : Initializing Spring embedded WebApplicationContext
2025-04-10T11:13:24.999+03:00  INFO 71632 --- [           main] w.s.c.ServletWebServerApplicationContext : Root WebApplicationContext: initialization completed in 756 ms
2025-04-10T11:13:25.081+03:00  INFO 71632 --- [           main] com.zaxxer.hikari.HikariDataSource       : HikariPool-1 - Starting...
2025-04-10T11:13:25.199+03:00  INFO 71632 --- [           main] com.zaxxer.hikari.pool.HikariPool        : HikariPool-1 - Added connection org.postgresql.jdbc.PgConnection@a6204e4
2025-04-10T11:13:25.201+03:00  INFO 71632 --- [           main] com.zaxxer.hikari.HikariDataSource       : HikariPool-1 - Start completed.
2025-04-10T11:13:25.309+03:00  INFO 71632 --- [           main] liquibase.database                       : Set default schema name to public
2025-04-10T11:13:25.591+03:00  INFO 71632 --- [           main] liquibase.changelog                      : Creating database history table with name: public.databasechangelog
2025-04-10T11:13:25.613+03:00  INFO 71632 --- [           main] liquibase.changelog                      : Reading from public.databasechangelog
2025-04-10T11:13:25.657+03:00  INFO 71632 --- [           main] liquibase.lockservice                    : Successfully acquired change log lock
2025-04-10T11:13:25.674+03:00  INFO 71632 --- [           main] liquibase.command                        : Using deploymentId: 4272805674
2025-04-10T11:13:25.675+03:00  INFO 71632 --- [           main] liquibase.changelog                      : Reading from public.databasechangelog
Running Changeset: db/changelog/db.changelog-master.xml::1::userApplication
2025-04-10T11:13:25.689+03:00  INFO 71632 --- [           main] liquibase.changelog                      : Table wallets created
2025-04-10T11:13:25.690+03:00  INFO 71632 --- [           main] liquibase.changelog                      : ChangeSet db/changelog/db.changelog-master.xml::1::userApplication ran successfully in 6ms
2025-04-10T11:13:25.694+03:00  INFO 71632 --- [           main] liquibase.util                           : UPDATE SUMMARY
2025-04-10T11:13:25.695+03:00  INFO 71632 --- [           main] liquibase.util                           : Run:                          1
2025-04-10T11:13:25.695+03:00  INFO 71632 --- [           main] liquibase.util                           : Previously run:               0
2025-04-10T11:13:25.695+03:00  INFO 71632 --- [           main] liquibase.util                           : Filtered out:                 0
2025-04-10T11:13:25.695+03:00  INFO 71632 --- [           main] liquibase.util                           : -------------------------------
2025-04-10T11:13:25.695+03:00  INFO 71632 --- [           main] liquibase.util                           : Total change sets:            1


UPDATE SUMMARY
Run:                          1
Previously run:               0
Filtered out:                 0
-------------------------------
Total change sets:            1

2025-04-10T11:13:25.696+03:00  INFO 71632 --- [           main] liquibase.util                           : Update summary generated
2025-04-10T11:13:25.696+03:00  INFO 71632 --- [           main] liquibase.command                        : Update command completed successfully.
Liquibase: Update has been successful. Rows affected: 1
2025-04-10T11:13:25.698+03:00  INFO 71632 --- [           main] liquibase.lockservice                    : Successfully released change log lock
2025-04-10T11:13:25.698+03:00  INFO 71632 --- [           main] liquibase.command                        : Command execution complete
2025-04-10T11:13:25.755+03:00  INFO 71632 --- [           main] o.hibernate.jpa.internal.util.LogHelper  : HHH000204: Processing PersistenceUnitInfo [name: default]
2025-04-10T11:13:25.785+03:00  INFO 71632 --- [           main] org.hibernate.Version                    : HHH000412: Hibernate ORM core version 6.6.11.Final
2025-04-10T11:13:25.806+03:00  INFO 71632 --- [           main] o.h.c.internal.RegionFactoryInitiator    : HHH000026: Second-level cache disabled
2025-04-10T11:13:25.887+03:00  INFO 71632 --- [           main] o.s.o.j.p.SpringPersistenceUnitInfo      : No LoadTimeWeaver setup: ignoring JPA class transformer
2025-04-10T11:13:25.953+03:00  INFO 71632 --- [           main] org.hibernate.orm.connections.pooling    : HHH10001005: Database info:
	Database JDBC URL [Connecting through datasource 'HikariDataSource (HikariPool-1)']
	Database driver: undefined/unknown
	Database version: 16.8
	Autocommit mode: undefined/unknown
	Isolation level: undefined/unknown
	Minimum pool size: undefined/unknown
	Maximum pool size: undefined/unknown
2025-04-10T11:13:26.404+03:00  INFO 71632 --- [           main] o.h.e.t.j.p.i.JtaPlatformInitiator       : HHH000489: No JTA platform available (set 'hibernate.transaction.jta.platform' to enable JTA platform integration)
2025-04-10T11:13:26.407+03:00  INFO 71632 --- [           main] j.LocalContainerEntityManagerFactoryBean : Initialized JPA EntityManagerFactory for persistence unit 'default'
2025-04-10T11:13:26.644+03:00  WARN 71632 --- [           main] JpaBaseConfiguration$JpaWebConfiguration : spring.jpa.open-in-view is enabled by default. Therefore, database queries may be performed during view rendering. Explicitly configure spring.jpa.open-in-view to disable this warning
2025-04-10T11:13:27.010+03:00  INFO 71632 --- [           main] o.s.b.w.embedded.tomcat.TomcatWebServer  : Tomcat started on port 40721 (http) with context path '/'
2025-04-10T11:13:27.016+03:00  INFO 71632 --- [           main] B.BankTransactionServiceApplicationTests : Started BankTransactionServiceApplicationTests in 2.976 seconds (process running for 7.073)
]]></system-out>
  </testcase>
</testsuite>